[0.027s] Invoking command in '/root/ros2_ws/src/build/go2_nav2': CMAKE_PREFIX_PATH=${CMAKE_PREFIX_PATH}:/opt/ros/humble /usr/bin/cmake --build /root/ros2_ws/src/build/go2_nav2 -- -j8 -l8
[0.159s] [ 12%] [32mBuilding CXX object CMakeFiles/tf_tree_publisher_node.dir/src/tf_tree_publisher_node.cpp.o[0m
[0.160s] [ 87%] Built target transform_remapper
[0.160s] [ 87%] Built target odom_tf_broadcaster
[0.160s] [ 87%] Built target footprint_transform_publisher
[5.128s] [01m[K/root/ros2_ws/src/go2_nav2/src/tf_tree_publisher_node.cpp:[m[K In member function â€˜[01m[Kvoid TfTreePublisherNode::odom_callback(nav_msgs::msg::Odometry_<std::allocator<void> >::SharedPtr)[m[Kâ€™:
[5.128s] [01m[K/root/ros2_ws/src/go2_nav2/src/tf_tree_publisher_node.cpp:89:63:[m[K [01;31m[Kerror: [m[Kno match for â€˜[01m[Koperator=[m[Kâ€™ (operand types are â€˜[01m[Kgeometry_msgs::msg::Transform_<std::allocator<void> >::_translation_type[m[Kâ€™ {aka â€˜[01m[Kgeometry_msgs::msg::Vector3_<std::allocator<void> >[m[Kâ€™} and â€˜[01m[Kgeometry_msgs::msg::Pose_<std::allocator<void> >::_position_type[m[Kâ€™ {aka â€˜[01m[Kgeometry_msgs::msg::Point_<std::allocator<void> >[m[Kâ€™})
[5.128s]    89 |       map_to_base_link_transform.translation = base_link_pose.[01;31m[Kposition[m[K;
[5.128s]       |                                                               [01;31m[K^~~~~~~~[m[K
[5.128s] In file included from [01m[K/opt/ros/humble/include/geometry_msgs/geometry_msgs/msg/detail/twist__struct.hpp:21[m[K,
[5.128s]                  from [01m[K/opt/ros/humble/include/geometry_msgs/geometry_msgs/msg/detail/twist_with_covariance__struct.hpp:20[m[K,
[5.128s]                  from [01m[K/opt/ros/humble/include/nav_msgs/nav_msgs/msg/detail/odometry__struct.hpp:24[m[K,
[5.128s]                  from [01m[K/opt/ros/humble/include/nav_msgs/nav_msgs/msg/odometry.hpp:7[m[K,
[5.129s]                  from [01m[K/root/ros2_ws/src/go2_nav2/src/tf_tree_publisher_node.cpp:2[m[K:
[5.129s] [01m[K/opt/ros/humble/include/geometry_msgs/geometry_msgs/msg/detail/vector3__struct.hpp:32:8:[m[K [01;36m[Knote: [m[Kcandidate: â€˜[01m[Kconstexpr geometry_msgs::msg::Vector3_<std::allocator<void> >& geometry_msgs::msg::Vector3_<std::allocator<void> >::operator=(const geometry_msgs::msg::Vector3_<std::allocator<void> >&)[m[Kâ€™
[5.129s]    32 | struct [01;36m[KVector3_[m[K
[5.129s]       |        [01;36m[K^~~~~~~~[m[K
[5.129s] [01m[K/opt/ros/humble/include/geometry_msgs/geometry_msgs/msg/detail/vector3__struct.hpp:32:8:[m[K [01;36m[Knote: [m[K  no known conversion for argument 1 from â€˜[01m[Kgeometry_msgs::msg::Pose_<std::allocator<void> >::_position_type[m[Kâ€™ {aka â€˜[01m[Kgeometry_msgs::msg::Point_<std::allocator<void> >[m[Kâ€™} to â€˜[01m[Kconst geometry_msgs::msg::Vector3_<std::allocator<void> >&[m[Kâ€™
[5.129s] [01m[K/opt/ros/humble/include/geometry_msgs/geometry_msgs/msg/detail/vector3__struct.hpp:32:8:[m[K [01;36m[Knote: [m[Kcandidate: â€˜[01m[Kconstexpr geometry_msgs::msg::Vector3_<std::allocator<void> >& geometry_msgs::msg::Vector3_<std::allocator<void> >::operator=(geometry_msgs::msg::Vector3_<std::allocator<void> >&&)[m[Kâ€™
[5.129s] [01m[K/opt/ros/humble/include/geometry_msgs/geometry_msgs/msg/detail/vector3__struct.hpp:32:8:[m[K [01;36m[Knote: [m[K  no known conversion for argument 1 from â€˜[01m[Kgeometry_msgs::msg::Pose_<std::allocator<void> >::_position_type[m[Kâ€™ {aka â€˜[01m[Kgeometry_msgs::msg::Point_<std::allocator<void> >[m[Kâ€™} to â€˜[01m[Kgeometry_msgs::msg::Vector3_<std::allocator<void> >&&[m[Kâ€™
[10.193s] gmake[2]: *** [CMakeFiles/tf_tree_publisher_node.dir/build.make:76: CMakeFiles/tf_tree_publisher_node.dir/src/tf_tree_publisher_node.cpp.o] Error 1
[10.193s] gmake[1]: *** [CMakeFiles/Makefile2:221: CMakeFiles/tf_tree_publisher_node.dir/all] Error 2
[10.194s] gmake: *** [Makefile:146: all] Error 2
[10.200s] Invoked command in '/root/ros2_ws/src/build/go2_nav2' returned '2': CMAKE_PREFIX_PATH=${CMAKE_PREFIX_PATH}:/opt/ros/humble /usr/bin/cmake --build /root/ros2_ws/src/build/go2_nav2 -- -j8 -l8
