[01m[K/root/ros2_ws/src/go2_nav2/src/footprint_transform_publisher.cpp:6:10:[m[K [01;31m[Kfatal error: [m[Ktf2_geometry_msgs/tf2_geometry_msgs.hpp: No such file or directory
    6 | #include [01;31m[K<tf2_geometry_msgs/tf2_geometry_msgs.hpp>[m[K
      |          [01;31m[K^~~~~~~~~~~~~~~~~~~~~~~~~~~~~~~~~~~~~~~~~[m[K
compilation terminated.
gmake[2]: *** [CMakeFiles/footprint_transform_publisher.dir/build.make:76: CMakeFiles/footprint_transform_publisher.dir/src/footprint_transform_publisher.cpp.o] Error 1
gmake[1]: *** [CMakeFiles/Makefile2:193: CMakeFiles/footprint_transform_publisher.dir/all] Error 2
gmake: *** [Makefile:146: all] Error 2
