[0.000000] (-) TimerEvent: {}
[0.000360] (-) JobUnselected: {'identifier': 'bspline_opt'}
[0.000631] (-) JobUnselected: {'identifier': 'cmake_utils'}
[0.001018] (-) JobUnselected: {'identifier': 'drone_detect'}
[0.001220] (-) JobUnselected: {'identifier': 'ego_planner'}
[0.001459] (-) JobUnselected: {'identifier': 'go2_bringup'}
[0.001534] (-) JobUnselected: {'identifier': 'livox_ros_driver2'}
[0.001589] (-) JobUnselected: {'identifier': 'local_sensing'}
[0.001639] (-) JobUnselected: {'identifier': 'map_generator'}
[0.001688] (-) JobUnselected: {'identifier': 'mockamap'}
[0.001737] (-) JobUnselected: {'identifier': 'multi_map_server'}
[0.001786] (-) JobUnselected: {'identifier': 'odom_visualization'}
[0.001835] (-) JobUnselected: {'identifier': 'path_searching'}
[0.001886] (-) JobUnselected: {'identifier': 'plan_env'}
[0.001944] (-) JobUnselected: {'identifier': 'pointcloud_to_laserscan'}
[0.001996] (-) JobUnselected: {'identifier': 'poscmd_2_odom'}
[0.002048] (-) JobUnselected: {'identifier': 'pose_utils'}
[0.002098] (-) JobUnselected: {'identifier': 'quadrotor_msgs'}
[0.002168] (-) JobUnselected: {'identifier': 'rosmsg_tcp_bridge'}
[0.002221] (-) JobUnselected: {'identifier': 'rviz_2d_overlay_msgs'}
[0.002276] (-) JobUnselected: {'identifier': 'rviz_2d_overlay_plugins'}
[0.002326] (-) JobUnselected: {'identifier': 'so3_control'}
[0.002450] (-) JobUnselected: {'identifier': 'so3_quadrotor_simulator'}
[0.002509] (-) JobUnselected: {'identifier': 'super_odometry'}
[0.002540] (-) JobUnselected: {'identifier': 'super_odometry_msgs'}
[0.002593] (-) JobUnselected: {'identifier': 'traj_utils'}
[0.002624] (-) JobUnselected: {'identifier': 'uav_utils'}
[0.002665] (-) JobUnselected: {'identifier': 'waypoint_generator'}
[0.002783] (go2_nav2) JobQueued: {'identifier': 'go2_nav2', 'dependencies': OrderedDict()}
[0.002844] (go2_nav2) JobStarted: {'identifier': 'go2_nav2'}
[0.023206] (go2_nav2) JobProgress: {'identifier': 'go2_nav2', 'progress': 'cmake'}
[0.024313] (go2_nav2) JobProgress: {'identifier': 'go2_nav2', 'progress': 'build'}
[0.025347] (go2_nav2) Command: {'cmd': ['/usr/bin/cmake', '--build', '/root/ros2_ws/src/build/go2_nav2', '--', '-j8', '-l8'], 'cwd': '/root/ros2_ws/src/build/go2_nav2', 'env': OrderedDict([('LESSOPEN', '| /usr/bin/lesspipe %s'), ('HOSTNAME', 'ubuntu'), ('SHLVL', '1'), ('LD_LIBRARY_PATH', '/root/ros2_ws/src/install/pointcloud_to_laserscan/lib:/root/ros2_ws/install/bspline_opt/lib:/root/ros2_ws/install/traj_utils/lib:/root/ros2_ws/install/super_odometry/lib:/root/ros2_ws/install/super_odometry_msgs/lib:/root/ros2_ws/install/so3_control/lib:/root/ros2_ws/install/rviz_2d_overlay_plugins/lib:/root/ros2_ws/install/rviz_2d_overlay_msgs/lib:/root/ros2_ws/install/multi_map_server/lib:/root/ros2_ws/install/quadrotor_msgs/lib:/root/ros2_ws/install/pose_utils/lib:/root/ros2_ws/install/path_searching/lib:/root/ros2_ws/install/plan_env/lib:/root/ros2_ws/install/livox_ros_driver2/lib:/opt/ros/humble/opt/rviz_ogre_vendor/lib:/opt/ros/humble/lib/aarch64-linux-gnu:/opt/ros/humble/lib'), ('HOME', '/root'), ('OLDPWD', '/root/ros2_ws'), ('ROS_PYTHON_VERSION', '3'), ('COLCON_PREFIX_PATH', '/root/ros2_ws/src/install:/root/ros2_ws/install'), ('ROS_DISTRO', 'humble'), ('_', '/usr/bin/colcon'), ('ROS_VERSION', '2'), ('NVIDIA_DRIVER_CAPABILITIES', 'all'), ('TERM', 'xterm'), ('ROS_LOCALHOST_ONLY', '0'), ('PATH', '/opt/ros/humble/bin:/usr/local/sbin:/usr/local/bin:/usr/sbin:/usr/bin:/sbin:/bin'), ('DISPLAY', ':0'), ('LANG', 'C.UTF-8'), ('RMW_IMPLEMENTATION', 'rmw_cyclonedds_cpp'), ('LS_COLORS', 'rs=0:di=01;34:ln=01;36:mh=00:pi=40;33:so=01;35:do=01;35:bd=40;33;01:cd=40;33;01:or=40;31;01:mi=00:su=37;41:sg=30;43:ca=30;41:tw=30;42:ow=34;42:st=37;44:ex=01;32:*.tar=01;31:*.tgz=01;31:*.arc=01;31:*.arj=01;31:*.taz=01;31:*.lha=01;31:*.lz4=01;31:*.lzh=01;31:*.lzma=01;31:*.tlz=01;31:*.txz=01;31:*.tzo=01;31:*.t7z=01;31:*.zip=01;31:*.z=01;31:*.dz=01;31:*.gz=01;31:*.lrz=01;31:*.lz=01;31:*.lzo=01;31:*.xz=01;31:*.zst=01;31:*.tzst=01;31:*.bz2=01;31:*.bz=01;31:*.tbz=01;31:*.tbz2=01;31:*.tz=01;31:*.deb=01;31:*.rpm=01;31:*.jar=01;31:*.war=01;31:*.ear=01;31:*.sar=01;31:*.rar=01;31:*.alz=01;31:*.ace=01;31:*.zoo=01;31:*.cpio=01;31:*.7z=01;31:*.rz=01;31:*.cab=01;31:*.wim=01;31:*.swm=01;31:*.dwm=01;31:*.esd=01;31:*.jpg=01;35:*.jpeg=01;35:*.mjpg=01;35:*.mjpeg=01;35:*.gif=01;35:*.bmp=01;35:*.pbm=01;35:*.pgm=01;35:*.ppm=01;35:*.tga=01;35:*.xbm=01;35:*.xpm=01;35:*.tif=01;35:*.tiff=01;35:*.png=01;35:*.svg=01;35:*.svgz=01;35:*.mng=01;35:*.pcx=01;35:*.mov=01;35:*.mpg=01;35:*.mpeg=01;35:*.m2v=01;35:*.mkv=01;35:*.webm=01;35:*.webp=01;35:*.ogm=01;35:*.mp4=01;35:*.m4v=01;35:*.mp4v=01;35:*.vob=01;35:*.qt=01;35:*.nuv=01;35:*.wmv=01;35:*.asf=01;35:*.rm=01;35:*.rmvb=01;35:*.flc=01;35:*.avi=01;35:*.fli=01;35:*.flv=01;35:*.gl=01;35:*.dl=01;35:*.xcf=01;35:*.xwd=01;35:*.yuv=01;35:*.cgm=01;35:*.emf=01;35:*.ogv=01;35:*.ogx=01;35:*.aac=00;36:*.au=00;36:*.flac=00;36:*.m4a=00;36:*.mid=00;36:*.midi=00;36:*.mka=00;36:*.mp3=00;36:*.mpc=00;36:*.ogg=00;36:*.ra=00;36:*.wav=00;36:*.oga=00;36:*.opus=00;36:*.spx=00;36:*.xspf=00;36:'), ('ROS_DOMAIN_ID', '0'), ('AMENT_PREFIX_PATH', '/root/ros2_ws/src/install/go2_nav2:/root/ros2_ws/src/install/pointcloud_to_laserscan:/root/ros2_ws/install/waypoint_generator:/root/ros2_ws/install/so3_quadrotor_simulator:/root/ros2_ws/install/uav_utils:/root/ros2_ws/install/rosmsg_tcp_bridge:/root/ros2_ws/install/ego_planner:/root/ros2_ws/install/bspline_opt:/root/ros2_ws/install/traj_utils:/root/ros2_ws/install/super_odometry:/root/ros2_ws/install/super_odometry_msgs:/root/ros2_ws/install/so3_control:/root/ros2_ws/install/rviz_2d_overlay_plugins:/root/ros2_ws/install/rviz_2d_overlay_msgs:/root/ros2_ws/install/poscmd_2_odom:/root/ros2_ws/install/odom_visualization:/root/ros2_ws/install/multi_map_server:/root/ros2_ws/install/local_sensing:/root/ros2_ws/install/quadrotor_msgs:/root/ros2_ws/install/pose_utils:/root/ros2_ws/install/path_searching:/root/ros2_ws/install/plan_env:/root/ros2_ws/install/mockamap:/root/ros2_ws/install/map_generator:/root/ros2_ws/install/livox_ros_driver2:/root/ros2_ws/install/go2_nav2:/root/ros2_ws/install/go2_bringup:/root/ros2_ws/install/drone_detect:/root/ros2_ws/install/cmake_utils:/opt/ros/humble'), ('LESSCLOSE', '/usr/bin/lesspipe %s %s'), ('PWD', '/root/ros2_ws/src/build/go2_nav2'), ('LC_ALL', 'C.UTF-8'), ('PYTHONPATH', '/root/ros2_ws/install/traj_utils/local/lib/python3.10/dist-packages:/root/ros2_ws/install/super_odometry_msgs/local/lib/python3.10/dist-packages:/root/ros2_ws/install/rviz_2d_overlay_msgs/local/lib/python3.10/dist-packages:/root/ros2_ws/install/multi_map_server/local/lib/python3.10/dist-packages:/root/ros2_ws/install/quadrotor_msgs/local/lib/python3.10/dist-packages:/root/ros2_ws/install/livox_ros_driver2/local/lib/python3.10/dist-packages:/opt/ros/humble/lib/python3.10/site-packages:/opt/ros/humble/local/lib/python3.10/dist-packages'), ('NVIDIA_VISIBLE_DEVICES', 'void'), ('COLCON', '1'), ('CMAKE_PREFIX_PATH', '/root/ros2_ws/src/install/go2_nav2:/root/ros2_ws/src/install/pointcloud_to_laserscan:/root/ros2_ws/install/waypoint_generator:/root/ros2_ws/install/so3_quadrotor_simulator:/root/ros2_ws/install/uav_utils:/root/ros2_ws/install/rosmsg_tcp_bridge:/root/ros2_ws/install/ego_planner:/root/ros2_ws/install/bspline_opt:/root/ros2_ws/install/traj_utils:/root/ros2_ws/install/super_odometry:/root/ros2_ws/install/super_odometry_msgs:/root/ros2_ws/install/so3_control:/root/ros2_ws/install/rviz_2d_overlay_plugins:/root/ros2_ws/install/rviz_2d_overlay_msgs:/root/ros2_ws/install/poscmd_2_odom:/root/ros2_ws/install/odom_visualization:/root/ros2_ws/install/multi_map_server:/root/ros2_ws/install/local_sensing:/root/ros2_ws/install/quadrotor_msgs:/root/ros2_ws/install/pose_utils:/root/ros2_ws/install/path_searching:/root/ros2_ws/install/plan_env:/root/ros2_ws/install/mockamap:/root/ros2_ws/install/map_generator:/root/ros2_ws/install/livox_ros_driver2:/root/ros2_ws/install/go2_nav2:/root/ros2_ws/install/go2_bringup:/root/ros2_ws/install/drone_detect:/root/ros2_ws/install/cmake_utils:/opt/ros/humble')]), 'shell': False}
[0.075813] (go2_nav2) StdoutLine: {'line': b'-- Found ament_cmake: 1.3.12 (/opt/ros/humble/share/ament_cmake/cmake)\n'}
[0.099473] (-) TimerEvent: {}
[0.200155] (-) TimerEvent: {}
[0.300792] (-) TimerEvent: {}
[0.314353] (go2_nav2) StdoutLine: {'line': b'-- Override CMake install command with custom implementation using symlinks instead of copying resources\n'}
[0.328885] (go2_nav2) StdoutLine: {'line': b'-- Found rclcpp: 16.0.15 (/opt/ros/humble/share/rclcpp/cmake)\n'}
[0.379317] (go2_nav2) StdoutLine: {'line': b'-- Found rosidl_generator_c: 3.1.7 (/opt/ros/humble/share/rosidl_generator_c/cmake)\n'}
[0.383146] (go2_nav2) StdoutLine: {'line': b'-- Found rosidl_adapter: 3.1.7 (/opt/ros/humble/share/rosidl_adapter/cmake)\n'}
[0.392139] (go2_nav2) StdoutLine: {'line': b'-- Found rosidl_generator_cpp: 3.1.7 (/opt/ros/humble/share/rosidl_generator_cpp/cmake)\n'}
[0.400907] (-) TimerEvent: {}
[0.408320] (go2_nav2) StdoutLine: {'line': b'-- Using all available rosidl_typesupport_c: rosidl_typesupport_fastrtps_c;rosidl_typesupport_introspection_c\n'}
[0.428555] (go2_nav2) StdoutLine: {'line': b'-- Using all available rosidl_typesupport_cpp: rosidl_typesupport_fastrtps_cpp;rosidl_typesupport_introspection_cpp\n'}
[0.481674] (go2_nav2) StdoutLine: {'line': b'-- Found rmw_implementation_cmake: 6.1.2 (/opt/ros/humble/share/rmw_implementation_cmake/cmake)\n'}
[0.485709] (go2_nav2) StdoutLine: {'line': b'-- Found rmw_cyclonedds_cpp: 1.3.4 (/opt/ros/humble/share/rmw_cyclonedds_cpp/cmake)\n'}
[0.501208] (-) TimerEvent: {}
[0.515194] (go2_nav2) StdoutLine: {'line': b"-- Using RMW implementation 'rmw_cyclonedds_cpp' as default\n"}
[0.590004] (go2_nav2) StdoutLine: {'line': b'-- Found nav_msgs: 4.9.0 (/opt/ros/humble/share/nav_msgs/cmake)\n'}
[0.601346] (-) TimerEvent: {}
[0.631769] (go2_nav2) StdoutLine: {'line': b'-- Found tf2: 0.25.16 (/opt/ros/humble/share/tf2/cmake)\n'}
[0.637645] (go2_nav2) StdoutLine: {'line': b'-- Found tf2_ros: 0.25.16 (/opt/ros/humble/share/tf2_ros/cmake)\n'}
[0.701529] (-) TimerEvent: {}
[0.753104] (go2_nav2) StdoutLine: {'line': b'-- Found tf2_geometry_msgs: 0.25.16 (/opt/ros/humble/share/tf2_geometry_msgs/cmake)\n'}
[0.758992] (go2_nav2) StdoutLine: {'line': b'-- Found eigen3_cmake_module: 0.1.1 (/opt/ros/humble/share/eigen3_cmake_module/cmake)\n'}
[0.760831] (go2_nav2) StdoutLine: {'line': b'-- Ensuring Eigen3 include directory is part of orocos-kdl CMake target\n'}
[0.782910] (go2_nav2) StdoutLine: {'line': b'-- Found ament_lint_auto: 0.12.14 (/opt/ros/humble/share/ament_lint_auto/cmake)\n'}
[0.801675] (-) TimerEvent: {}
[0.902317] (-) TimerEvent: {}
[0.914021] (go2_nav2) StdoutLine: {'line': b"-- Added test 'cppcheck' to perform static code analysis on C / C++ code\n"}
[0.914753] (go2_nav2) StdoutLine: {'line': b'-- Configured cppcheck include dirs: /root/ros2_ws/src/go2_nav2/include\n'}
[0.915066] (go2_nav2) StdoutLine: {'line': b'-- Configured cppcheck exclude dirs and/or files: \n'}
[0.915445] (go2_nav2) StdoutLine: {'line': b"-- Added test 'lint_cmake' to check CMake code style\n"}
[0.916643] (go2_nav2) StdoutLine: {'line': b"-- Added test 'uncrustify' to check C / C++ code style\n"}
[0.916835] (go2_nav2) StdoutLine: {'line': b'-- Configured uncrustify additional arguments: \n'}
[0.917051] (go2_nav2) StdoutLine: {'line': b"-- Added test 'xmllint' to check XML markup files\n"}
[0.918985] (go2_nav2) StdoutLine: {'line': b'-- Configuring done\n'}
[0.960563] (go2_nav2) StdoutLine: {'line': b'-- Generating done\n'}
[0.975739] (go2_nav2) StdoutLine: {'line': b'-- Build files have been written to: /root/ros2_ws/src/build/go2_nav2\n'}
[1.002540] (-) TimerEvent: {}
[1.039415] (go2_nav2) StdoutLine: {'line': b'\x1b[35m\x1b[1mConsolidate compiler generated dependencies of target odom_tf_broadcaster\x1b[0m\n'}
[1.039844] (go2_nav2) StdoutLine: {'line': b'\x1b[35m\x1b[1mConsolidate compiler generated dependencies of target transform_remapper\x1b[0m\n'}
[1.039971] (go2_nav2) StdoutLine: {'line': b'\x1b[35m\x1b[1mConsolidate compiler generated dependencies of target footprint_transform_publisher\x1b[0m\n'}
[1.075802] (go2_nav2) StdoutLine: {'line': b'[ 12%] \x1b[32mBuilding CXX object CMakeFiles/tf_tree_publisher_node.dir/src/tf_tree_publisher_node.cpp.o\x1b[0m\n'}
[1.085834] (go2_nav2) StdoutLine: {'line': b'[ 75%] Built target odom_tf_broadcaster\n'}
[1.086316] (go2_nav2) StdoutLine: {'line': b'[ 87%] Built target transform_remapper\n'}
[1.086462] (go2_nav2) StdoutLine: {'line': b'[ 87%] Built target footprint_transform_publisher\n'}
[1.102716] (-) TimerEvent: {}
[1.119523] (go2_nav2) StdoutLine: {'line': b'[100%] \x1b[32m\x1b[1mLinking CXX executable tf_tree_publisher_node\x1b[0m\n'}
[1.202906] (-) TimerEvent: {}
[1.303556] (-) TimerEvent: {}
[1.333110] (go2_nav2) StderrLine: {'line': b"/usr/bin/ld: /usr/lib/gcc/aarch64-linux-gnu/11/../../../aarch64-linux-gnu/Scrt1.o: in function `_start':\n"}
[1.333584] (go2_nav2) StderrLine: {'line': b"(.text+0x1c): undefined reference to `main'\n"}
[1.333737] (go2_nav2) StderrLine: {'line': b"/usr/bin/ld: (.text+0x20): undefined reference to `main'\n"}
[1.339151] (go2_nav2) StderrLine: {'line': b'collect2: error: ld returned 1 exit status\n'}
[1.342809] (go2_nav2) StderrLine: {'line': b'gmake[2]: *** [CMakeFiles/tf_tree_publisher_node.dir/build.make:198: tf_tree_publisher_node] Error 1\n'}
[1.343234] (go2_nav2) StderrLine: {'line': b'gmake[1]: *** [CMakeFiles/Makefile2:221: CMakeFiles/tf_tree_publisher_node.dir/all] Error 2\n'}
[1.343671] (go2_nav2) StderrLine: {'line': b'gmake: *** [Makefile:146: all] Error 2\n'}
[1.348617] (go2_nav2) CommandEnded: {'returncode': 2}
[1.372895] (go2_nav2) JobEnded: {'identifier': 'go2_nav2', 'rc': 2}
[1.384126] (-) EventReactorShutdown: {}
