[35m[1mConsolidate compiler generated dependencies of target tf_tree_publisher_node[0m
[ 12%] [32mBuilding CXX object CMakeFiles/tf_tree_publisher_node.dir/src/tf_tree_publisher_node.cpp.o[0m
[ 37%] Built target odom_tf_broadcaster
[ 62%] Built target transform_remapper
[ 87%] Built target footprint_transform_publisher
[01m[K/root/ros2_ws/src/go2_nav2/src/tf_tree_publisher_node.cpp:2:10:[m[K [01;31m[Kfatal error: [m[Knav_msgs/msg/odometry.hpp: No such file or directory
    2 | #include [01;31m[K<nav_msgs/msg/odometry.hpp>[m[K
      |          [01;31m[K^~~~~~~~~~~~~~~~~~~~~~~~~~~[m[K
compilation terminated.
gmake[2]: *** [CMakeFiles/tf_tree_publisher_node.dir/build.make:76: CMakeFiles/tf_tree_publisher_node.dir/src/tf_tree_publisher_node.cpp.o] Error 1
gmake[1]: *** [CMakeFiles/Makefile2:221: CMakeFiles/tf_tree_publisher_node.dir/all] Error 2
gmake: *** [Makefile:146: all] Error 2
